0 info it worked if it ends with ok
1 verbose cli [ 'C:\\Program Files\\nodejs\\node.exe',
1 verbose cli   'C:\\Users\\Paul\\AppData\\Roaming\\npm\\node_modules\\npm\\bin\\npm-cli.js',
1 verbose cli   'install',
1 verbose cli   'npm' ]
2 info using npm@3.5.2
3 info using node@v8.9.4
4 verbose stack Error: Cannot find module 'internal/util/types'
4 verbose stack     at Function.Module._resolveFilename (module.js:538:15)
4 verbose stack     at Function.Module._load (module.js:468:25)
4 verbose stack     at Module.require (module.js:587:17)
4 verbose stack     at require (internal/module.js:11:18)
4 verbose stack     at evalmachine.<anonymous>:31:26
4 verbose stack     at Object.<anonymous> (C:\Users\Paul\AppData\Roaming\npm\node_modules\npm\node_modules\cmd-shim\node_modules\graceful-fs\fs.js:11:1)
4 verbose stack     at Module._compile (module.js:643:30)
4 verbose stack     at Object.Module._extensions..js (module.js:654:10)
4 verbose stack     at Module.load (module.js:556:32)
4 verbose stack     at tryModuleLoad (module.js:499:12)
5 verbose cwd C:\Users\Paul\Documents\examples\dashboard\server
6 error Windows_NT 10.0.15063
7 error argv "C:\\Program Files\\nodejs\\node.exe" "C:\\Users\\Paul\\AppData\\Roaming\\npm\\node_modules\\npm\\bin\\npm-cli.js" "install" "npm"
8 error node v8.9.4
9 error npm  v3.5.2
10 error code MODULE_NOT_FOUND
11 error Cannot find module 'internal/util/types'
12 error If you need help, you may report this error at:
12 error     <https://github.com/npm/npm/issues>
13 verbose exit [ 1, true ]
